<?xml version="1.0" encoding="UTF-8"?>
<testng-results ignored="0" total="2" passed="2" failed="0" skipped="0">
  <reporter-output>
  </reporter-output>
  <suite started-at="2023-07-10T07:22:18 IST" name="Suite" finished-at="2023-07-10T07:23:01 IST" duration-ms="42395">
    <groups>
    </groups>
    <test started-at="2023-07-10T07:22:18 IST" name="Test" finished-at="2023-07-10T07:23:01 IST" duration-ms="42395">
      <class name="FirstTest.Spicejet">
        <test-method signature="spiceJetOneWaytrip()[pri:0, instance:FirstTest.Spicejet@5d534f5d]" started-at="2023-07-10T07:22:40 IST" name="spiceJetOneWaytrip" finished-at="2023-07-10T07:23:01 IST" duration-ms="20928" status="PASS">
          <reporter-output>
          </reporter-output>
        </test-method> <!-- spiceJetOneWaytrip -->
      </class> <!-- FirstTest.Spicejet -->
      <class name="FirstTest.LaunchBrowser">
        <test-method signature="launchBrowser()[pri:0, instance:FirstTest.LaunchBrowser@72e5a8e]" started-at="2023-07-10T07:22:19 IST" name="launchBrowser" finished-at="2023-07-10T07:22:40 IST" duration-ms="21381" status="PASS">
          <reporter-output>
          </reporter-output>
        </test-method> <!-- launchBrowser -->
      </class> <!-- FirstTest.LaunchBrowser -->
    </test> <!-- Test -->
  </suite> <!-- Suite -->
</testng-results>
